naive 32 1 Exec-time: 9.37083 ms
shared_memory 32 1 Exec-time: 10.1267 ms
naive 32 2 Exec-time: 7.61377 ms
shared_memory 32 2 Exec-time: 6.53704 ms
naive 32 3 Exec-time: 7.62594 ms
shared_memory 32 3 Exec-time: 5.82732 ms
naive 32 4 Exec-time: 7.64207 ms
shared_memory 32 4 Exec-time: 5.53604 ms
naive 32 5 Exec-time: 7.69938 ms
shared_memory 32 5 Exec-time: 5.80789 ms
naive 32 6 Exec-time: 7.70582 ms
shared_memory 32 6 Exec-time: 5.73249 ms
naive 32 7 Exec-time: 7.68737 ms
shared_memory 32 7 Exec-time: 5.59456 ms
naive 32 8 Exec-time: 7.70204 ms
shared_memory 32 8 Exec-time: 5.49521 ms
naive 32 9 Exec-time: 7.72194 ms
shared_memory 32 9 Exec-time: 5.54494 ms
naive 32 10 Exec-time: 7.75598 ms
shared_memory 32 10 Exec-time: 5.63705 ms
naive 32 11 Exec-time: 7.85222 ms
shared_memory 32 11 Exec-time: 5.98509 ms
naive 32 12 Exec-time: 7.77236 ms
shared_memory 32 12 Exec-time: 5.64895 ms
naive 32 13 Exec-time: 8.0149 ms
shared_memory 32 13 Exec-time: 6.22586 ms
naive 32 14 Exec-time: 7.85725 ms
shared_memory 32 14 Exec-time: 5.89023 ms
naive 32 15 Exec-time: 7.83473 ms
shared_memory 32 15 Exec-time: 5.69037 ms
naive 32 16 Exec-time: 7.78814 ms
shared_memory 32 16 Exec-time: 5.5019 ms
naive 32 17 Exec-time: 8.19946 ms
shared_memory 32 17 Exec-time: 6.35103 ms
naive 32 18 Exec-time: 8.03446 ms
shared_memory 32 18 Exec-time: 6.0338 ms
naive 32 19 Exec-time: 8.02714 ms
shared_memory 32 19 Exec-time: 5.956 ms
naive 32 20 Exec-time: 7.93117 ms
shared_memory 32 20 Exec-time: 5.77126 ms
naive 32 21 Exec-time: 7.93047 ms
shared_memory 32 21 Exec-time: 5.71807 ms
naive 32 22 Exec-time: 8.41095 ms
shared_memory 32 22 Exec-time: 7.07386 ms
naive 32 23 Exec-time: 8.3771 ms
shared_memory 32 23 Exec-time: 6.81498 ms
naive 32 24 Exec-time: 8.31715 ms
shared_memory 32 24 Exec-time: 6.82061 ms
naive 32 25 Exec-time: 8.32352 ms
shared_memory 32 25 Exec-time: 6.56643 ms
naive 32 26 Exec-time: 8.22774 ms
shared_memory 32 26 Exec-time: 6.48315 ms
naive 32 27 Exec-time: 7.99179 ms
shared_memory 32 27 Exec-time: 6.22992 ms
naive 32 28 Exec-time: 7.99428 ms
shared_memory 32 28 Exec-time: 6.2931 ms
naive 32 29 Exec-time: 7.99968 ms
shared_memory 32 29 Exec-time: 6.00494 ms
naive 32 30 Exec-time: 7.95703 ms
shared_memory 32 30 Exec-time: 6.077 ms
naive 32 31 Exec-time: 7.94739 ms
shared_memory 32 31 Exec-time: 5.91819 ms
naive 32 32 Exec-time: 7.91444 ms
shared_memory 32 32 Exec-time: 5.99286 ms
naive 64 1 Exec-time: 7.61273 ms
shared_memory 64 1 Exec-time: 6.4558 ms
naive 64 2 Exec-time: 7.63367 ms
shared_memory 64 2 Exec-time: 5.51696 ms
naive 64 3 Exec-time: 7.67965 ms
shared_memory 64 3 Exec-time: 5.56759 ms
naive 64 4 Exec-time: 7.68797 ms
shared_memory 64 4 Exec-time: 5.32255 ms
naive 64 5 Exec-time: 7.74443 ms
shared_memory 64 5 Exec-time: 5.60139 ms
naive 64 6 Exec-time: 7.77233 ms
shared_memory 64 6 Exec-time: 5.61446 ms
naive 64 7 Exec-time: 7.88612 ms
shared_memory 64 7 Exec-time: 5.8889 ms
naive 64 8 Exec-time: 7.81548 ms
shared_memory 64 8 Exec-time: 5.41035 ms
naive 64 9 Exec-time: 8.08171 ms
shared_memory 64 9 Exec-time: 6.0956 ms
naive 64 10 Exec-time: 7.96637 ms
shared_memory 64 10 Exec-time: 5.70202 ms
naive 64 11 Exec-time: 8.51137 ms
shared_memory 64 11 Exec-time: 7.09594 ms
naive 64 12 Exec-time: 8.41713 ms
shared_memory 64 12 Exec-time: 6.72304 ms
naive 64 13 Exec-time: 8.28835 ms
shared_memory 64 13 Exec-time: 6.28573 ms
naive 64 14 Exec-time: 8.02412 ms
shared_memory 64 14 Exec-time: 6.04173 ms
naive 64 15 Exec-time: 8.00772 ms
shared_memory 64 15 Exec-time: 5.89265 ms
naive 64 16 Exec-time: 7.95585 ms
shared_memory 64 16 Exec-time: 5.77585 ms
naive 96 1 Exec-time: 7.61912 ms
shared_memory 96 1 Exec-time: 5.84335 ms
naive 96 2 Exec-time: 7.65427 ms
shared_memory 96 2 Exec-time: 5.48582 ms
naive 96 3 Exec-time: 7.67133 ms
shared_memory 96 3 Exec-time: 5.32052 ms
naive 96 4 Exec-time: 7.73721 ms
shared_memory 96 4 Exec-time: 5.49041 ms
naive 96 5 Exec-time: 7.79597 ms
shared_memory 96 5 Exec-time: 5.56244 ms
naive 96 6 Exec-time: 8.01134 ms
shared_memory 96 6 Exec-time: 5.99697 ms
naive 96 7 Exec-time: 7.88666 ms
shared_memory 96 7 Exec-time: 5.54659 ms
naive 96 8 Exec-time: 8.40755 ms
shared_memory 96 8 Exec-time: 6.64232 ms
naive 96 9 Exec-time: 8.02262 ms
shared_memory 96 9 Exec-time: 6.09379 ms
naive 96 10 Exec-time: 7.99748 ms
shared_memory 96 10 Exec-time: 5.75441 ms
naive 128 1 Exec-time: 7.62792 ms
shared_memory 128 1 Exec-time: 5.62116 ms
naive 128 2 Exec-time: 7.66423 ms
shared_memory 128 2 Exec-time: 5.24485 ms
naive 128 3 Exec-time: 7.74379 ms
shared_memory 128 3 Exec-time: 5.51056 ms
naive 128 4 Exec-time: 7.76569 ms
shared_memory 128 4 Exec-time: 5.29904 ms
naive 128 5 Exec-time: 7.88308 ms
shared_memory 128 5 Exec-time: 5.60403 ms
naive 128 6 Exec-time: 8.30329 ms
shared_memory 128 6 Exec-time: 6.56141 ms
naive 128 7 Exec-time: 8.00131 ms
shared_memory 128 7 Exec-time: 5.93021 ms
naive 128 8 Exec-time: 7.94769 ms
shared_memory 128 8 Exec-time: 5.60026 ms
naive 160 1 Exec-time: 7.64 ms
shared_memory 160 1 Exec-time: 5.71069 ms
naive 160 2 Exec-time: 7.6965 ms
shared_memory 160 2 Exec-time: 5.40106 ms
naive 160 3 Exec-time: 7.77526 ms
shared_memory 160 3 Exec-time: 5.47952 ms
naive 160 4 Exec-time: 7.84069 ms
shared_memory 160 4 Exec-time: 5.55524 ms
naive 160 5 Exec-time: 8.14102 ms
shared_memory 160 5 Exec-time: 6.38911 ms
naive 160 6 Exec-time: 7.92344 ms
shared_memory 160 6 Exec-time: 5.71314 ms
naive 192 1 Exec-time: 7.66051 ms
shared_memory 192 1 Exec-time: 5.67237 ms
naive 192 2 Exec-time: 7.73141 ms
shared_memory 192 2 Exec-time: 5.41582 ms
naive 192 3 Exec-time: 7.94907 ms
shared_memory 192 3 Exec-time: 5.91008 ms
naive 192 4 Exec-time: 8.15922 ms
shared_memory 192 4 Exec-time: 6.51493 ms
naive 192 5 Exec-time: 7.95374 ms
shared_memory 192 5 Exec-time: 5.61734 ms
naive 224 1 Exec-time: 7.64645 ms
shared_memory 224 1 Exec-time: 5.52438 ms
naive 224 2 Exec-time: 7.79623 ms
shared_memory 224 2 Exec-time: 5.65301 ms
naive 224 3 Exec-time: 7.81726 ms
shared_memory 224 3 Exec-time: 5.37879 ms
naive 224 4 Exec-time: 7.91826 ms
shared_memory 224 4 Exec-time: 5.94514 ms
naive 256 1 Exec-time: 7.66556 ms
shared_memory 256 1 Exec-time: 5.47169 ms
naive 256 2 Exec-time: 7.7576 ms
shared_memory 256 2 Exec-time: 5.26149 ms
naive 256 3 Exec-time: 8.10753 ms
shared_memory 256 3 Exec-time: 6.32569 ms
naive 256 4 Exec-time: 7.91797 ms
shared_memory 256 4 Exec-time: 5.35199 ms
naive 288 1 Exec-time: 7.66223 ms
shared_memory 288 1 Exec-time: 5.49351 ms
naive 288 2 Exec-time: 7.92789 ms
shared_memory 288 2 Exec-time: 5.86733 ms
naive 288 3 Exec-time: 7.97462 ms
shared_memory 288 3 Exec-time: 5.8968 ms
naive 320 1 Exec-time: 7.70402 ms
shared_memory 320 1 Exec-time: 5.59762 ms
naive 320 2 Exec-time: 7.86735 ms
shared_memory 320 2 Exec-time: 5.51453 ms
naive 320 3 Exec-time: 7.92842 ms
shared_memory 320 3 Exec-time: 5.42492 ms
naive 352 1 Exec-time: 7.77551 ms
shared_memory 352 1 Exec-time: 5.90844 ms
naive 352 2 Exec-time: 8.11099 ms
shared_memory 352 2 Exec-time: 6.55016 ms
naive 384 1 Exec-time: 7.73365 ms
shared_memory 384 1 Exec-time: 5.63316 ms
naive 384 2 Exec-time: 8.05263 ms
shared_memory 384 2 Exec-time: 6.17001 ms
naive 416 1 Exec-time: 7.87602 ms
shared_memory 416 1 Exec-time: 6.17656 ms
naive 416 2 Exec-time: 8.01458 ms
shared_memory 416 2 Exec-time: 5.91605 ms
naive 448 1 Exec-time: 7.81077 ms
shared_memory 448 1 Exec-time: 5.8488 ms
naive 448 2 Exec-time: 7.90583 ms
shared_memory 448 2 Exec-time: 5.66437 ms
naive 480 1 Exec-time: 7.74937 ms
shared_memory 480 1 Exec-time: 5.64352 ms
naive 480 2 Exec-time: 7.85136 ms
shared_memory 480 2 Exec-time: 5.48447 ms
naive 512 1 Exec-time: 7.74056 ms
shared_memory 512 1 Exec-time: 5.51067 ms
naive 512 2 Exec-time: 7.87176 ms
shared_memory 512 2 Exec-time: 5.23174 ms
naive 544 1 Exec-time: 7.97872 ms
shared_memory 544 1 Exec-time: 6.28183 ms
naive 576 1 Exec-time: 7.93046 ms
shared_memory 576 1 Exec-time: 6.06422 ms
naive 608 1 Exec-time: 7.9355 ms
shared_memory 608 1 Exec-time: 6.01527 ms
naive 640 1 Exec-time: 7.87054 ms
shared_memory 640 1 Exec-time: 5.82885 ms
naive 672 1 Exec-time: 7.82477 ms
shared_memory 672 1 Exec-time: 5.64025 ms
naive 704 1 Exec-time: 8.1351 ms
shared_memory 704 1 Exec-time: 6.82906 ms
naive 736 1 Exec-time: 8.06226 ms
shared_memory 736 1 Exec-time: 6.56324 ms
naive 768 1 Exec-time: 8.06686 ms
shared_memory 768 1 Exec-time: 6.55601 ms
naive 800 1 Exec-time: 7.97635 ms
shared_memory 800 1 Exec-time: 6.3689 ms
naive 832 1 Exec-time: 8.01274 ms
shared_memory 832 1 Exec-time: 6.30261 ms
naive 864 1 Exec-time: 7.95687 ms
shared_memory 864 1 Exec-time: 6.29188 ms
naive 896 1 Exec-time: 7.91713 ms
shared_memory 896 1 Exec-time: 6.05595 ms
naive 928 1 Exec-time: 7.84461 ms
shared_memory 928 1 Exec-time: 5.99381 ms
naive 960 1 Exec-time: 7.91292 ms
shared_memory 960 1 Exec-time: 5.98303 ms
naive 992 1 Exec-time: 7.99584 ms
shared_memory 992 1 Exec-time: 5.97346 ms
naive 1024 1 Exec-time: 7.84271 ms
shared_memory 1024 1 Exec-time: 5.75524 ms
