Iter 0 MPI_Send: 69.5656 ms
Iter 0 Compute: 10.0001 ms
Iter 1 MPI_Send: 69.6613 ms
Iter 1 Compute: 10.0001 ms
Iter 2 MPI_Send: 69.6526 ms
Iter 2 Compute: 10.0001 ms
Iter 3 MPI_Send: 69.6767 ms
Iter 3 Compute: 10.0001 ms
Iter 4 MPI_Send: 69.6991 ms
Iter 4 Compute: 10.0001 ms
Iter 5 MPI_Send: 69.677 ms
Iter 5 Compute: 10.0001 ms
Iter 6 MPI_Send: 69.6885 ms
Iter 6 Compute: 10.0001 ms
Iter 7 MPI_Send: 69.6432 ms
Iter 7 Compute: 10.0001 ms
Iter 8 MPI_Send: 69.6731 ms
Iter 8 Compute: 10.0001 ms
Iter 9 MPI_Send: 69.7098 ms
Iter 9 Compute: 10.0001 ms
Total: 796.757 ms
Iter 0 MPI_Isend: 0.05781 ms
Iter 0 Compute: 10.0642 ms
Iter 1 MPI_Isend: 0.002158 ms
Iter 1 Compute: 10.0024 ms
Iter 2 MPI_Isend: 0.000595 ms
Iter 2 Compute: 10.0019 ms
Iter 3 MPI_Isend: 0.000606 ms
Iter 3 Compute: 10.0016 ms
Iter 4 MPI_Isend: 0.00071 ms
Iter 4 Compute: 10.0016 ms
Iter 5 MPI_Isend: 0.000457 ms
Iter 5 Compute: 10.0014 ms
Iter 6 MPI_Isend: 0.000533 ms
Iter 6 Compute: 10.0014 ms
Iter 7 MPI_Isend: 0.000602 ms
Iter 7 Compute: 10.0013 ms
Iter 8 MPI_Isend: 0.000541 ms
Iter 8 Compute: 10.0014 ms
Iter 9 MPI_Isend: 0.000394 ms
Iter 9 Compute: 10.0013 ms
Wait Request: 736.941 ms
Total: 837.128 ms
Iter 0 MPI_Send: 83.7496 ms
Iter 0 Compute: 20.0001 ms
Iter 1 MPI_Send: 83.6329 ms
Iter 1 Compute: 20.0001 ms
Iter 2 MPI_Send: 83.6791 ms
Iter 2 Compute: 20.0001 ms
Iter 3 MPI_Send: 83.6802 ms
Iter 3 Compute: 20.0001 ms
Iter 4 MPI_Send: 83.6082 ms
Iter 4 Compute: 20.0001 ms
Iter 5 MPI_Send: 83.7048 ms
Iter 5 Compute: 20.0001 ms
Iter 6 MPI_Send: 83.6874 ms
Iter 6 Compute: 20.0001 ms
Iter 7 MPI_Send: 85.5248 ms
Iter 7 Compute: 20.0001 ms
Iter 8 MPI_Send: 85.5092 ms
Iter 8 Compute: 20.0001 ms
Iter 9 MPI_Send: 85.416 ms
Iter 9 Compute: 20.0001 ms
Total: 1042.34 ms
Iter 0 MPI_Isend: 0.05287 ms
Iter 0 Compute: 20.0671 ms
Iter 1 MPI_Isend: 0.001078 ms
Iter 1 Compute: 20.0023 ms
Iter 2 MPI_Isend: 0.000485 ms
Iter 2 Compute: 20.0016 ms
Iter 3 MPI_Isend: 0.000474 ms
Iter 3 Compute: 20.0015 ms
Iter 4 MPI_Isend: 0.000583 ms
Iter 4 Compute: 20.0014 ms
Iter 5 MPI_Isend: 0.000445 ms
Iter 5 Compute: 20.0014 ms
Iter 6 MPI_Isend: 0.000424 ms
Iter 6 Compute: 20.0014 ms
Iter 7 MPI_Isend: 0.000446 ms
Iter 7 Compute: 20.0013 ms
Iter 8 MPI_Isend: 0.000406 ms
Iter 8 Compute: 20.0014 ms
Iter 9 MPI_Isend: 0.000444 ms
Iter 9 Compute: 20.0013 ms
Wait Request: 637.268 ms
Total: 837.447 ms
Iter 0 MPI_Send: 83.5167 ms
Iter 0 Compute: 40.0001 ms
Iter 1 MPI_Send: 83.9979 ms
Iter 1 Compute: 40.0001 ms
Iter 2 MPI_Send: 84.0511 ms
Iter 2 Compute: 40.0001 ms
Iter 3 MPI_Send: 84.0102 ms
Iter 3 Compute: 40.0001 ms
Iter 4 MPI_Send: 84.0188 ms
Iter 4 Compute: 40.0001 ms
Iter 5 MPI_Send: 84.0148 ms
Iter 5 Compute: 40.0001 ms
Iter 6 MPI_Send: 84.0101 ms
Iter 6 Compute: 40.0001 ms
Iter 7 MPI_Send: 84.0469 ms
Iter 7 Compute: 40.0001 ms
Iter 8 MPI_Send: 84.1067 ms
Iter 8 Compute: 40.0001 ms
Iter 9 MPI_Send: 84.121 ms
Iter 9 Compute: 40.0001 ms
Total: 1240.06 ms
Iter 0 MPI_Isend: 0.053021 ms
Iter 0 Compute: 40.0665 ms
Iter 1 MPI_Isend: 0.001168 ms
Iter 1 Compute: 40.0026 ms
Iter 2 MPI_Isend: 0.00035 ms
Iter 2 Compute: 40.0017 ms
Iter 3 MPI_Isend: 0.000402 ms
Iter 3 Compute: 40.0016 ms
Iter 4 MPI_Isend: 0.000415 ms
Iter 4 Compute: 40.0015 ms
Iter 5 MPI_Isend: 0.000379 ms
Iter 5 Compute: 40.0015 ms
Iter 6 MPI_Isend: 0.002433 ms
Iter 6 Compute: 40.0018 ms
Iter 7 MPI_Isend: 0.031825 ms
Iter 7 Compute: 40.0023 ms
Iter 8 MPI_Isend: 0.00095 ms
Iter 8 Compute: 40.0017 ms
Iter 9 MPI_Isend: 0.00046 ms
Iter 9 Compute: 40.0015 ms
Wait Request: 468.186 ms
Total: 868.411 ms
Iter 0 MPI_Send: 83.5523 ms
Iter 0 Compute: 80.0002 ms
Iter 1 MPI_Send: 84.2643 ms
Iter 1 Compute: 80.0001 ms
Iter 2 MPI_Send: 84.2396 ms
Iter 2 Compute: 80.0001 ms
Iter 3 MPI_Send: 84.2136 ms
Iter 3 Compute: 80.0001 ms
Iter 4 MPI_Send: 84.3798 ms
Iter 4 Compute: 80.0001 ms
Iter 5 MPI_Send: 84.443 ms
Iter 5 Compute: 80.0001 ms
Iter 6 MPI_Send: 86.926 ms
Iter 6 Compute: 80.0001 ms
Iter 7 MPI_Send: 86.1983 ms
Iter 7 Compute: 80.0001 ms
Iter 8 MPI_Send: 86.1339 ms
Iter 8 Compute: 80.0001 ms
Iter 9 MPI_Send: 86.1556 ms
Iter 9 Compute: 80.0001 ms
Total: 1650.68 ms
Iter 0 MPI_Isend: 0.058493 ms
Iter 0 Compute: 80.0695 ms
Iter 1 MPI_Isend: 0.001228 ms
Iter 1 Compute: 80.0024 ms
Iter 2 MPI_Isend: 0.00046 ms
Iter 2 Compute: 80.0016 ms
Iter 3 MPI_Isend: 0.000416 ms
Iter 3 Compute: 80.0015 ms
Iter 4 MPI_Isend: 0.028829 ms
Iter 4 Compute: 80.0021 ms
Iter 5 MPI_Isend: 0.000564 ms
Iter 5 Compute: 80.0015 ms
Iter 6 MPI_Isend: 0.000376 ms
Iter 6 Compute: 80.0014 ms
Iter 7 MPI_Isend: 0.000855 ms
Iter 7 Compute: 80.0015 ms
Iter 8 MPI_Isend: 0.00037 ms
Iter 8 Compute: 80.0014 ms
Iter 9 MPI_Isend: 0.000419 ms
Iter 9 Compute: 80.0013 ms
Wait Request: 67.6179 ms
Total: 867.835 ms
Iter 0 MPI_Send: 83.3867 ms
Iter 0 Compute: 160 ms
Iter 1 MPI_Send: 84.2379 ms
Iter 1 Compute: 160 ms
Iter 2 MPI_Send: 84.166 ms
Iter 2 Compute: 160 ms
Iter 3 MPI_Send: 84.1338 ms
Iter 3 Compute: 160 ms
Iter 4 MPI_Send: 84.2394 ms
Iter 4 Compute: 160 ms
Iter 5 MPI_Send: 84.2631 ms
Iter 5 Compute: 160 ms
Iter 6 MPI_Send: 84.2226 ms
Iter 6 Compute: 160 ms
Iter 7 MPI_Send: 84.2814 ms
Iter 7 Compute: 160 ms
Iter 8 MPI_Send: 84.2576 ms
Iter 8 Compute: 160 ms
Iter 9 MPI_Send: 84.2804 ms
Iter 9 Compute: 160 ms
Total: 2441.66 ms
Iter 0 MPI_Isend: 0.055995 ms
Iter 0 Compute: 160.07 ms
Iter 1 MPI_Isend: 0.001085 ms
Iter 1 Compute: 160.002 ms
Iter 2 MPI_Isend: 0.020875 ms
Iter 2 Compute: 160.002 ms
Iter 3 MPI_Isend: 0.00081 ms
Iter 3 Compute: 160.002 ms
Iter 4 MPI_Isend: 0.000912 ms
Iter 4 Compute: 160.001 ms
Iter 5 MPI_Isend: 0.001065 ms
Iter 5 Compute: 160.002 ms
Iter 6 MPI_Isend: 0.000445 ms
Iter 6 Compute: 160.001 ms
Iter 7 MPI_Isend: 0.091004 ms
Iter 7 Compute: 160.003 ms
Iter 8 MPI_Isend: 0.000685 ms
Iter 8 Compute: 160.001 ms
Iter 9 MPI_Isend: 0.022047 ms
Iter 9 Compute: 160.002 ms
Wait Request: 0.135737 ms
Total: 1600.52 ms
